<?xml version="1.0" encoding="UTF-8"?>
<testng-results skipped="0" failed="0" ignored="0" total="0" passed="0">
  <reporter-output>
  </reporter-output>
  <suite name="FirstTest" duration-ms="5" started-at="2018-10-16T06:28:41Z" finished-at="2018-10-16T06:28:41Z">
    <groups>
    </groups>
    <test name="Command line test" duration-ms="5" started-at="2018-10-16T06:28:41Z" finished-at="2018-10-16T06:28:41Z">
    </test> <!-- Command line test -->
  </suite> <!-- FirstTest -->
</testng-results>
